[2020-12-15 22:24:53] (ERROR in xPDO::getService @ W:\domains\testModx\core\xpdo\xpdo.class.php : 1234) modRestClient::__construct is deprecated since version 2.3.0. Use the modRest classes instead.
[2020-12-15 22:24:53] (ERROR in xPDO::getService @ W:\domains\testModx\core\xpdo\xpdo.class.php : 1234) modRestClient::__construct is deprecated since version 2.3.0. Use the modRest classes instead.
[2020-12-15 22:24:53] (ERROR in modRestCurlClient::__construct @ W:\domains\testModx\core\model\modx\rest\modrestcurlclient.class.php : 26) modRestClient::__construct is deprecated since version 2.3.0. Use the modRest classes instead.
[2020-12-15 22:24:53] (ERROR in modRestCurlClient::__construct @ W:\domains\testModx\core\model\modx\rest\modrestcurlclient.class.php : 26) modRestClient::__construct is deprecated since version 2.3.0. Use the modRest classes instead.
[2020-12-15 22:24:58] (ERROR in xPDO::getService @ W:\domains\testModx\core\xpdo\xpdo.class.php : 1234) modRestClient::__construct is deprecated since version 2.3.0. Use the modRest classes instead.
[2020-12-15 22:24:58] (ERROR in modRestCurlClient::__construct @ W:\domains\testModx\core\model\modx\rest\modrestcurlclient.class.php : 26) modRestClient::__construct is deprecated since version 2.3.0. Use the modRest classes instead.
[2020-12-15 22:24:58] (ERROR in xPDO::getService @ W:\domains\testModx\core\xpdo\xpdo.class.php : 1234) modRestClient::__construct is deprecated since version 2.3.0. Use the modRest classes instead.
[2020-12-15 22:24:58] (ERROR in modRestCurlClient::__construct @ W:\domains\testModx\core\model\modx\rest\modrestcurlclient.class.php : 26) modRestClient::__construct is deprecated since version 2.3.0. Use the modRest classes instead.
[2020-12-15 22:32:38] (ERROR @ W:\domains\testModx\core\model\modx\modcachemanager.class.php : 349) Error caching lexicon topic lexicon/ru/core/resource
[2020-12-15 22:36:42] (ERROR @ W:\domains\testModx\core\model\modx\modcachemanager.class.php : 349) Error caching lexicon topic lexicon/en/core/default
[2020-12-15 23:01:12] (ERROR in xPDO::getService @ W:\domains\testModx\core\xpdo\xpdo.class.php : 1234) modRestClient::__construct is deprecated since version 2.3.0. Use the modRest classes instead.
[2020-12-15 23:01:12] (ERROR in modRestCurlClient::__construct @ W:\domains\testModx\core\model\modx\rest\modrestcurlclient.class.php : 26) modRestClient::__construct is deprecated since version 2.3.0. Use the modRest classes instead.
[2020-12-15 23:01:12] (ERROR in xPDO::getService @ W:\domains\testModx\core\xpdo\xpdo.class.php : 1234) modRestClient::__construct is deprecated since version 2.3.0. Use the modRest classes instead.
[2020-12-15 23:01:12] (ERROR in modRestCurlClient::__construct @ W:\domains\testModx\core\model\modx\rest\modrestcurlclient.class.php : 26) modRestClient::__construct is deprecated since version 2.3.0. Use the modRest classes instead.
[2020-12-15 23:01:15] (ERROR in xPDO::getService @ W:\domains\testModx\core\xpdo\xpdo.class.php : 1234) modRestClient::__construct is deprecated since version 2.3.0. Use the modRest classes instead.
[2020-12-15 23:01:15] (ERROR in xPDO::getService @ W:\domains\testModx\core\xpdo\xpdo.class.php : 1234) modRestClient::__construct is deprecated since version 2.3.0. Use the modRest classes instead.
[2020-12-15 23:01:15] (ERROR in modRestCurlClient::__construct @ W:\domains\testModx\core\model\modx\rest\modrestcurlclient.class.php : 26) modRestClient::__construct is deprecated since version 2.3.0. Use the modRest classes instead.
[2020-12-15 23:01:16] (ERROR in modRestCurlClient::__construct @ W:\domains\testModx\core\model\modx\rest\modrestcurlclient.class.php : 26) modRestClient::__construct is deprecated since version 2.3.0. Use the modRest classes instead.
[2020-12-15 23:01:22] (ERROR in xPDO::getService @ W:\domains\testModx\core\xpdo\xpdo.class.php : 1234) modRestClient::__construct is deprecated since version 2.3.0. Use the modRest classes instead.
[2020-12-15 23:01:22] (ERROR in modRestCurlClient::__construct @ W:\domains\testModx\core\model\modx\rest\modrestcurlclient.class.php : 26) modRestClient::__construct is deprecated since version 2.3.0. Use the modRest classes instead.
[2020-12-15 23:01:26] (ERROR in xPDO::getService @ W:\domains\testModx\core\xpdo\xpdo.class.php : 1234) modRestClient::__construct is deprecated since version 2.3.0. Use the modRest classes instead.
[2020-12-15 23:01:26] (ERROR in modRestCurlClient::__construct @ W:\domains\testModx\core\model\modx\rest\modrestcurlclient.class.php : 26) modRestClient::__construct is deprecated since version 2.3.0. Use the modRest classes instead.
[2020-12-15 23:01:40] (ERROR in xPDO::getService @ W:\domains\testModx\core\xpdo\xpdo.class.php : 1234) modRestClient::__construct is deprecated since version 2.3.0. Use the modRest classes instead.
[2020-12-15 23:01:40] (ERROR in modRestCurlClient::__construct @ W:\domains\testModx\core\model\modx\rest\modrestcurlclient.class.php : 26) modRestClient::__construct is deprecated since version 2.3.0. Use the modRest classes instead.
[2020-12-15 23:01:40] (ERROR in xPDO::getService @ W:\domains\testModx\core\xpdo\xpdo.class.php : 1234) modRestClient::__construct is deprecated since version 2.3.0. Use the modRest classes instead.
[2020-12-15 23:01:40] (ERROR in modRestCurlClient::__construct @ W:\domains\testModx\core\model\modx\rest\modrestcurlclient.class.php : 26) modRestClient::__construct is deprecated since version 2.3.0. Use the modRest classes instead.
[2020-12-15 23:02:49] (ERROR in xPDO::getService @ W:\domains\testModx\core\xpdo\xpdo.class.php : 1234) modRestClient::__construct is deprecated since version 2.3.0. Use the modRest classes instead.
[2020-12-15 23:02:49] (ERROR in modRestCurlClient::__construct @ W:\domains\testModx\core\model\modx\rest\modrestcurlclient.class.php : 26) modRestClient::__construct is deprecated since version 2.3.0. Use the modRest classes instead.
[2020-12-15 23:08:55] (ERROR @ W:\domains\testModx\core\model\modx\modprocessor.class.php : 260) Processor failed creating output array due to JSON error 5
